# Logfile created on 2014-01-24 18:35:08 -0500 by logger.rb/41954
I, [2014-01-24T18:35:08.269637 #5538]  INFO -- : 0:  rake (10.1.1) from /Users/akerl/.rbenv/versions/2.0.0-p353/lib/ruby/gems/2.0.0/specifications/rake-10.1.1.gemspec
I, [2014-01-24T18:35:08.270141 #5538]  INFO -- : 0:  ast (1.1.0) from /Users/akerl/.rbenv/versions/2.0.0-p353/lib/ruby/gems/2.0.0/specifications/ast-1.1.0.gemspec
I, [2014-01-24T18:35:08.270524 #5538]  INFO -- : 0:  multi_json (1.8.4) from /Users/akerl/.rbenv/versions/2.0.0-p353/lib/ruby/gems/2.0.0/specifications/multi_json-1.8.4.gemspec
I, [2014-01-24T18:35:08.270874 #5538]  INFO -- : 0:  mime-types (2.0) from /Users/akerl/.rbenv/versions/2.0.0-p353/lib/ruby/gems/2.0.0/specifications/mime-types-2.0.gemspec
I, [2014-01-24T18:35:08.271204 #5538]  INFO -- : 0:  rest-client (1.6.7) from /Users/akerl/.rbenv/versions/2.0.0-p353/lib/ruby/gems/2.0.0/specifications/rest-client-1.6.7.gemspec
I, [2014-01-24T18:35:08.271545 #5538]  INFO -- : 0:  docile (1.1.2) from /Users/akerl/.rbenv/versions/2.0.0-p353/lib/ruby/gems/2.0.0/specifications/docile-1.1.2.gemspec
I, [2014-01-24T18:35:08.271873 #5538]  INFO -- : 0:  simplecov-html (0.8.0) from /Users/akerl/.rbenv/versions/2.0.0-p353/lib/ruby/gems/2.0.0/specifications/simplecov-html-0.8.0.gemspec
I, [2014-01-24T18:35:08.272209 #5538]  INFO -- : 0:  simplecov (0.8.2) from /Users/akerl/.rbenv/versions/2.0.0-p353/lib/ruby/gems/2.0.0/specifications/simplecov-0.8.2.gemspec
I, [2014-01-24T18:35:08.272530 #5538]  INFO -- : 0:  tins (0.13.1) from /Users/akerl/.rbenv/versions/2.0.0-p353/lib/ruby/gems/2.0.0/specifications/tins-0.13.1.gemspec
I, [2014-01-24T18:35:08.272854 #5538]  INFO -- : 0:  term-ansicolor (1.2.2) from /Users/akerl/.rbenv/versions/2.0.0-p353/lib/ruby/gems/2.0.0/specifications/term-ansicolor-1.2.2.gemspec
I, [2014-01-24T18:35:08.273181 #5538]  INFO -- : 0:  thor (0.18.1) from /Users/akerl/.rbenv/versions/2.0.0-p353/lib/ruby/gems/2.0.0/specifications/thor-0.18.1.gemspec
I, [2014-01-24T18:35:08.273518 #5538]  INFO -- : 0:  coveralls (0.7.0) from /Users/akerl/.rbenv/versions/2.0.0-p353/lib/ruby/gems/2.0.0/specifications/coveralls-0.7.0.gemspec
I, [2014-01-24T18:35:08.273824 #5538]  INFO -- : 0:  diff-lcs (1.2.5) from /Users/akerl/.rbenv/versions/2.0.0-p353/lib/ruby/gems/2.0.0/specifications/diff-lcs-1.2.5.gemspec
I, [2014-01-24T18:35:08.274152 #5538]  INFO -- : 0:  rspec-core (2.14.7) from /Users/akerl/.rbenv/versions/2.0.0-p353/lib/ruby/gems/2.0.0/specifications/rspec-core-2.14.7.gemspec
I, [2014-01-24T18:35:08.274440 #5538]  INFO -- : 0:  rspec-expectations (2.14.4) from /Users/akerl/.rbenv/versions/2.0.0-p353/lib/ruby/gems/2.0.0/specifications/rspec-expectations-2.14.4.gemspec
I, [2014-01-24T18:35:08.274724 #5538]  INFO -- : 0:  rspec-mocks (2.14.4) from /Users/akerl/.rbenv/versions/2.0.0-p353/lib/ruby/gems/2.0.0/specifications/rspec-mocks-2.14.4.gemspec
I, [2014-01-24T18:35:08.275007 #5538]  INFO -- : 0:  rspec (2.14.1) from /Users/akerl/.rbenv/versions/2.0.0-p353/lib/ruby/gems/2.0.0/specifications/rspec-2.14.1.gemspec
I, [2014-01-24T18:35:08.275296 #5538]  INFO -- : 0:  ruby-progressbar (1.4.0) from /Users/akerl/.rbenv/versions/2.0.0-p353/lib/ruby/gems/2.0.0/specifications/ruby-progressbar-1.4.0.gemspec
I, [2014-01-24T18:35:08.275582 #5538]  INFO -- : 0:  fuubar (1.3.2) from /Users/akerl/.rbenv/versions/2.0.0-p353/lib/ruby/gems/2.0.0/specifications/fuubar-1.3.2.gemspec
I, [2014-01-24T18:35:08.275860 #5538]  INFO -- : 0:  hashr (0.0.22) from /Users/akerl/.rbenv/versions/2.0.0-p353/lib/ruby/gems/2.0.0/specifications/hashr-0.0.22.gemspec
I, [2014-01-24T18:35:08.540232 #5538]  INFO -- : 0:  hss (0.2.8) from /Users/akerl/Code/hss/hss.gemspec
I, [2014-01-24T18:35:08.540788 #5538]  INFO -- : 0:  json (1.8.1) from /Users/akerl/.rbenv/versions/2.0.0-p353/lib/ruby/gems/2.0.0/specifications/json-1.8.1.gemspec
I, [2014-01-24T18:35:08.541149 #5538]  INFO -- : 0:  slop (3.4.7) from /Users/akerl/.rbenv/versions/2.0.0-p353/lib/ruby/gems/2.0.0/specifications/slop-3.4.7.gemspec
I, [2014-01-24T18:35:08.541529 #5538]  INFO -- : 0:  parser (2.1.4) from /Users/akerl/.rbenv/versions/2.0.0-p353/lib/ruby/gems/2.0.0/specifications/parser-2.1.4.gemspec
I, [2014-01-24T18:35:08.541885 #5538]  INFO -- : 0:  powerpack (0.0.9) from /Users/akerl/.rbenv/versions/2.0.0-p353/lib/ruby/gems/2.0.0/specifications/powerpack-0.0.9.gemspec
I, [2014-01-24T18:35:09.706130 #5538]  INFO -- : 0:  rainbow (1.99.2) from /Users/akerl/.rbenv/versions/2.0.0-p353/lib/ruby/gems/2.0.0/specifications/rainbow-1.99.2.gemspec
I, [2014-01-24T18:35:11.768223 #5538]  INFO -- : 0:  rubocop (0.17.0) from /Users/akerl/.rbenv/versions/2.0.0-p353/lib/ruby/gems/2.0.0/specifications/rubocop-0.17.0.gemspec
I, [2014-01-24T18:35:11.768722 #5538]  INFO -- : 0:  travis-lint (1.7.0) from /Users/akerl/.rbenv/versions/2.0.0-p353/lib/ruby/gems/2.0.0/specifications/travis-lint-1.7.0.gemspec
I, [2014-01-24T18:35:11.769298 #5538]  INFO -- : 0:  bundler (1.5.1) from /Users/akerl/.rbenv/versions/2.0.0-p353/lib/ruby/gems/2.0.0/specifications/bundler-1.5.1.gemspec
